Epoch: 0
Train : Counter({'tn': tensor(19441, device='cuda:0'), 'tp': tensor(19279, device='cuda:0'), 'fn': tensor(13523, device='cuda:0'), 'fp': tensor(5033, device='cuda:0')})
Validation : Counter({'tn': tensor(6572, device='cuda:0'), 'tp': tensor(6452, device='cuda:0'), 'fn': tensor(4408, device='cuda:0'), 'fp': tensor(1660, device='cuda:0')})
Test : Counter({'tp': tensor(6472, device='cuda:0'), 'tn': tensor(6350, device='cuda:0'), 'fn': tensor(4580, device='cuda:0'), 'fp': tensor(1691, device='cuda:0')})
Epoch: 1
Train : Counter({'tp': tensor(32802, device='cuda:0'), 'fp': tensor(24474, device='cuda:0')})
Validation : Counter({'tp': tensor(10860, device='cuda:0'), 'fp': tensor(8232, device='cuda:0')})
Test : Counter({'tp': tensor(11052, device='cuda:0'), 'fp': tensor(8041, device='cuda:0')})
Epoch: 2
Train : Counter({'tp': tensor(32802, device='cuda:0'), 'fp': tensor(24474, device='cuda:0')})
Validation : Counter({'tp': tensor(10860, device='cuda:0'), 'fp': tensor(8232, device='cuda:0')})
Test : Counter({'tp': tensor(11052, device='cuda:0'), 'fp': tensor(8041, device='cuda:0')})
Epoch: 0
Train : Counter({'tp': tensor(32802, device='cuda:0'), 'fp': tensor(24474, device='cuda:0')})
Validation : Counter({'tp': tensor(10860, device='cuda:0'), 'fp': tensor(8232, device='cuda:0')})
Test : Counter({'tp': tensor(11052, device='cuda:0'), 'fp': tensor(8041, device='cuda:0')})
Epoch: 1
Train : Counter({'tp': tensor(32802, device='cuda:0'), 'fp': tensor(24474, device='cuda:0')})
Validation : Counter({'tp': tensor(10860, device='cuda:0'), 'fp': tensor(8232, device='cuda:0')})
Test : Counter({'tp': tensor(11052, device='cuda:0'), 'fp': tensor(8041, device='cuda:0')})
Epoch: 2
Train : Counter({'tp': tensor(32802, device='cuda:0'), 'fp': tensor(24474, device='cuda:0')})
Validation : Counter({'tp': tensor(10860, device='cuda:0'), 'fp': tensor(8232, device='cuda:0')})
Test : Counter({'tp': tensor(11052, device='cuda:0'), 'fp': tensor(8041, device='cuda:0')})
Epoch: 0
Train : Counter({'tp': tensor(32802, device='cuda:0'), 'fp': tensor(24474, device='cuda:0')})
Validation : Counter({'tp': tensor(10860, device='cuda:0'), 'fp': tensor(8232, device='cuda:0')})
Test : Counter({'tp': tensor(11052, device='cuda:0'), 'fp': tensor(8041, device='cuda:0')})
Epoch: 1
Train : Counter({'tp': tensor(32802, device='cuda:0'), 'fp': tensor(24474, device='cuda:0')})
Validation : Counter({'tp': tensor(10860, device='cuda:0'), 'fp': tensor(8232, device='cuda:0')})
Test : Counter({'tp': tensor(11052, device='cuda:0'), 'fp': tensor(8041, device='cuda:0')})
Epoch: 2
Train : Counter({'tp': tensor(32802, device='cuda:0'), 'fp': tensor(24474, device='cuda:0')})
Validation : Counter({'tp': tensor(10860, device='cuda:0'), 'fp': tensor(8232, device='cuda:0')})
Test : Counter({'tp': tensor(11052, device='cuda:0'), 'fp': tensor(8041, device='cuda:0')})
Epoch: 0
Train : Counter({'tp': tensor(32802, device='cuda:0'), 'fp': tensor(24474, device='cuda:0')})
Validation : Counter({'tp': tensor(10860, device='cuda:0'), 'fp': tensor(8232, device='cuda:0')})
Test : Counter({'tp': tensor(11052, device='cuda:0'), 'fp': tensor(8041, device='cuda:0')})
Epoch: 1
Train : Counter({'tp': tensor(32802, device='cuda:0'), 'fp': tensor(24474, device='cuda:0')})
Validation : Counter({'tp': tensor(10860, device='cuda:0'), 'fp': tensor(8232, device='cuda:0')})
Test : Counter({'tp': tensor(11052, device='cuda:0'), 'fp': tensor(8041, device='cuda:0')})
Epoch: 2
Train : Counter({'tp': tensor(32802, device='cuda:0'), 'fp': tensor(24474, device='cuda:0')})
Validation : Counter({'tp': tensor(10860, device='cuda:0'), 'fp': tensor(8232, device='cuda:0')})
Test : Counter({'tp': tensor(11052, device='cuda:0'), 'fp': tensor(8041, device='cuda:0')})
